[INFO] Scanning for projects...
[INFO]                                                                         
[INFO] ------------------------------------------------------------------------
[INFO] Building offline_mysql 1.0
[INFO] ------------------------------------------------------------------------
[INFO] 
[INFO] --- maven-dependency-plugin:2.8:tree (default-cli) @ aro_number ---
[INFO] com.floka:aro_number:jar:1.0
[INFO] +- junit:junit:jar:4.12:test
[INFO] |  \- org.hamcrest:hamcrest-core:jar:1.3:test
[INFO] +- org.springframework:spring-context:jar:4.2.3.RELEASE:compile
[INFO] |  +- org.springframework:spring-beans:jar:4.2.3.RELEASE:compile
[INFO] |  \- org.springframework:spring-core:jar:4.2.3.RELEASE:compile
[INFO] +- org.springframework:spring-expression:jar:4.2.3.RELEASE:compile
[INFO] +- org.springframework:spring-jdbc:jar:4.2.3.RELEASE:compile
[INFO] |  \- org.springframework:spring-tx:jar:4.2.3.RELEASE:compile
[INFO] +- org.springframework:spring-aop:jar:4.2.3.RELEASE:compile
[INFO] |  \- aopalliance:aopalliance:jar:1.0:compile
[INFO] +- org.springframework:spring-context-support:jar:4.2.3.RELEASE:compile
[INFO] +- org.springframework.ws:spring-ws-core:jar:2.2.3.RELEASE:compile
[INFO] |  +- commons-logging:commons-logging:jar:1.1.3:compile
[INFO] |  +- org.springframework.ws:spring-xml:jar:2.2.3.RELEASE:compile
[INFO] |  +- org.springframework:spring-oxm:jar:4.0.9.RELEASE:compile
[INFO] |  +- org.springframework:spring-web:jar:4.0.9.RELEASE:compile
[INFO] |  \- org.springframework:spring-webmvc:jar:4.0.9.RELEASE:compile
[INFO] +- jaxen:jaxen:jar:1.1:compile
[INFO] |  +- dom4j:dom4j:jar:1.6.1:compile
[INFO] |  +- xml-apis:xml-apis:jar:1.3.02:compile
[INFO] |  +- xerces:xercesImpl:jar:2.6.2:compile
[INFO] |  \- xom:xom:jar:1.0:compile
[INFO] |     +- xerces:xmlParserAPIs:jar:2.6.2:compile
[INFO] |     +- xalan:xalan:jar:2.6.0:compile
[INFO] |     \- com.ibm.icu:icu4j:jar:2.6.1:compile
[INFO] +- mysql:mysql-connector-java:jar:5.1.37:compile
[INFO] +- commons-dbcp:commons-dbcp:jar:1.4:compile
[INFO] |  \- commons-pool:commons-pool:jar:1.5.4:compile
[INFO] +- org.slf4j:slf4j-api:jar:1.7.12:compile
[INFO] +- org.slf4j:jcl-over-slf4j:jar:1.7.12:runtime
[INFO] +- org.slf4j:slf4j-log4j12:jar:1.7.12:runtime
[INFO] +- log4j:log4j:jar:1.2.17:runtime
[INFO] +- javax.inject:javax.inject:jar:1:compile
[INFO] +- javax.mail:mail:jar:1.4.1:compile
[INFO] |  \- javax.activation:activation:jar:1.1:compile
[INFO] +- joda-time:joda-time:jar:2.9.1:compile
[INFO] \- com.sun.xml.ws:jaxws-rt:jar:2.2.10:compile
[INFO]    +- javax.xml.bind:jaxb-api:jar:2.2.12-b140109.1041:compile
[INFO]    +- javax.xml.ws:jaxws-api:jar:2.2.11:compile
[INFO]    +- javax.xml.soap:javax.xml.soap-api:jar:1.3.7:compile
[INFO]    +- javax.annotation:javax.annotation-api:jar:1.2:compile
[INFO]    +- javax.jws:jsr181-api:jar:1.0-MR1:compile
[INFO]    +- com.sun.xml.bind:jaxb-core:jar:2.2.10-b140802.1033:compile
[INFO]    +- com.sun.xml.bind:jaxb-impl:jar:2.2.10-b140802.1033:compile
[INFO]    +- com.sun.xml.ws:policy:jar:2.4:compile
[INFO]    +- org.glassfish.gmbal:gmbal-api-only:jar:3.1.0-b001:compile
[INFO]    |  \- org.glassfish.external:management-api:jar:3.0.0-b012:compile
[INFO]    +- org.jvnet.staxex:stax-ex:jar:1.7.7:compile
[INFO]    +- com.sun.xml.stream.buffer:streambuffer:jar:1.5.3:compile
[INFO]    +- org.jvnet.mimepull:mimepull:jar:1.9.4:compile
[INFO]    +- com.sun.xml.fastinfoset:FastInfoset:jar:1.2.13:compile
[INFO]    +- org.glassfish.ha:ha-api:jar:3.1.9:compile
[INFO]    +- com.sun.xml.messaging.saaj:saaj-impl:jar:1.3.25:compile
[INFO]    +- org.codehaus.woodstox:woodstox-core-asl:jar:4.2.0:runtime
[INFO]    +- org.codehaus.woodstox:stax2-api:jar:3.1.1:runtime
[INFO]    \- com.sun.org.apache.xml.internal:resolver:jar:20050927:compile
[INFO] ------------------------------------------------------------------------
[INFO] BUILD SUCCESS
[INFO] ------------------------------------------------------------------------
[INFO] Total time: 1.295 s
[INFO] Finished at: 2016-06-08T16:57:03+06:00
[INFO] Final Memory: 15M/226M
[INFO] ------------------------------------------------------------------------
