16:00:53,931  INFO main support.ClassPathXmlApplicationContext:577 - Refreshing org.springframework.context.support.ClassPathXmlApplicationContext@735f7ae5: startup date [Thu Nov 26 16:00:53 YEKT 2015]; root of context hierarchy
16:00:53,995  INFO main xml.XmlBeanDefinitionReader:317 - Loading XML bean definitions from class path resource [app-config.xml]
Exception in thread "main" org.springframework.beans.factory.xml.XmlBeanDefinitionStoreException: Line 10 in XML document from class path resource [app-config.xml] is invalid; nested exception is org.xml.sax.SAXParseException; lineNumber: 10; columnNumber: 136; cvc-elt.1: Cannot find the declaration of element 'beans'.
	at org.springframework.beans.factory.xml.XmlBeanDefinitionReader.doLoadBeanDefinitions(XmlBeanDefinitionReader.java:399)
	at org.springframework.beans.factory.xml.XmlBeanDefinitionReader.loadBeanDefinitions(XmlBeanDefinitionReader.java:336)
	at org.springframework.beans.factory.xml.XmlBeanDefinitionReader.loadBeanDefinitions(XmlBeanDefinitionReader.java:304)
	at org.springframework.beans.factory.support.AbstractBeanDefinitionReader.loadBeanDefinitions(AbstractBeanDefinitionReader.java:181)
	at org.springframework.beans.factory.support.AbstractBeanDefinitionReader.loadBeanDefinitions(AbstractBeanDefinitionReader.java:217)
	at org.springframework.beans.factory.support.AbstractBeanDefinitionReader.loadBeanDefinitions(AbstractBeanDefinitionReader.java:188)
	at org.springframework.beans.factory.support.AbstractBeanDefinitionReader.loadBeanDefinitions(AbstractBeanDefinitionReader.java:252)
	at org.springframework.context.support.AbstractXmlApplicationContext.loadBeanDefinitions(AbstractXmlApplicationContext.java:127)
	at org.springframework.context.support.AbstractXmlApplicationContext.loadBeanDefinitions(AbstractXmlApplicationContext.java:93)
	at org.springframework.context.support.AbstractRefreshableApplicationContext.refreshBeanFactory(AbstractRefreshableApplicationContext.java:129)
	at org.springframework.context.support.AbstractApplicationContext.obtainFreshBeanFactory(AbstractApplicationContext.java:608)
	at org.springframework.context.support.AbstractApplicationContext.refresh(AbstractApplicationContext.java:509)
	at org.springframework.context.support.ClassPathXmlApplicationContext.<init>(ClassPathXmlApplicationContext.java:139)
	at org.springframework.context.support.ClassPathXmlApplicationContext.<init>(ClassPathXmlApplicationContext.java:83)
	at com.floka.offline.App.main(App.java:36)
Caused by: org.xml.sax.SAXParseException; lineNumber: 10; columnNumber: 136; cvc-elt.1: Cannot find the declaration of element 'beans'.
	at org.apache.xerces.util.ErrorHandlerWrapper.createSAXParseException(Unknown Source)
	at org.apache.xerces.util.ErrorHandlerWrapper.error(Unknown Source)
	at org.apache.xerces.impl.XMLErrorReporter.reportError(Unknown Source)
	at org.apache.xerces.impl.XMLErrorReporter.reportError(Unknown Source)
	at org.apache.xerces.impl.xs.XMLSchemaValidator.handleStartElement(Unknown Source)
	at org.apache.xerces.impl.xs.XMLSchemaValidator.startElement(Unknown Source)
	at org.apache.xerces.impl.XMLNSDocumentScannerImpl.scanStartElement(Unknown Source)
	at org.apache.xerces.impl.XMLNSDocumentScannerImpl$NSContentDispatcher.scanRootElementHook(Unknown Source)
	at org.apache.xerces.impl.XMLDocumentFragmentScannerImpl$FragmentContentDispatcher.dispatch(Unknown Source)
	at org.apache.xerces.impl.XMLDocumentFragmentScannerImpl.scanDocument(Unknown Source)
	at org.apache.xerces.parsers.XML11Configuration.parse(Unknown Source)
	at org.apache.xerces.parsers.XML11Configuration.parse(Unknown Source)
	at org.apache.xerces.parsers.XMLParser.parse(Unknown Source)
	at org.apache.xerces.parsers.DOMParser.parse(Unknown Source)
	at org.apache.xerces.jaxp.DocumentBuilderImpl.parse(Unknown Source)
	at org.springframework.beans.factory.xml.DefaultDocumentLoader.loadDocument(DefaultDocumentLoader.java:76)
	at org.springframework.beans.factory.xml.XmlBeanDefinitionReader.doLoadDocument(XmlBeanDefinitionReader.java:429)
	at org.springframework.beans.factory.xml.XmlBeanDefinitionReader.doLoadBeanDefinitions(XmlBeanDefinitionReader.java:391)
	... 14 more
16:05:55,288  INFO main support.ClassPathXmlApplicationContext:577 - Refreshing org.springframework.context.support.ClassPathXmlApplicationContext@735f7ae5: startup date [Thu Nov 26 16:05:55 YEKT 2015]; root of context hierarchy
16:05:55,344  INFO main xml.XmlBeanDefinitionReader:317 - Loading XML bean definitions from class path resource [app-config.xml]
